<?xml version="1.0" encoding="UTF-8"?>
<testExecutions version="1">
  <file path="C:\Users\saiagarw\Downloads\prod-frontend\prod-frontend\src\sum.test.jsx">
    <testCase name="adds 1 + 2 to equal 3" duration="1"/>
  </file>
</testExecutions>